<?xml version="1.0" encoding="UTF-8"?>
<testng-results skipped="0" failed="1" ignored="0" total="1" passed="0">
  <reporter-output>
  </reporter-output>
  <suite name="Default suite" duration-ms="1962" started-at="2019-04-01T11:22:45Z" finished-at="2019-04-01T11:22:47Z">
    <groups>
    </groups>
    <test name="Default test" duration-ms="1962" started-at="2019-04-01T11:22:45Z" finished-at="2019-04-01T11:22:47Z">
      <class name="Selenium_java_mavenExamples.SauceLabsDemo">
        <test-method status="FAIL" signature="shouldOpenSafari()[pri:0, instance:Selenium_java_mavenExamples.SauceLabsDemo@27efef64]" name="shouldOpenSafari" duration-ms="1842" started-at="2019-04-01T11:22:45Z" finished-at="2019-04-01T11:22:47Z">
          <exception class="org.openqa.selenium.WebDriverException">
            <message>
              <![CDATA[Unable to parse remote response: Misconfigured -- Sauce Labs Authentication Error.
You used username 'liesnychevskyi' and access key 'XXXXXXXX-XXXX-XXXX-XXXX-XXXX17f64deb' to authenticate, which are not valid Sauce Labs credentials.

The following desired capabilities were received:
{'accessKey': 'XXXXXXXX-XXXX-XXXX-XXXX-XXXX17f64deb',
 'browserName': 'Safari',
 'build': 'Onboarding Sample App - Java',
 'name': '1-first-test',
 'platform': 'macOS 10.13',
 'username': 'liesnychevskyi',
 'version': '11.1'}]]>
            </message>
            <full-stacktrace>
              <![CDATA[org.openqa.selenium.WebDriverException: Unable to parse remote response: Misconfigured -- Sauce Labs Authentication Error.
You used username 'liesnychevskyi' and access key 'XXXXXXXX-XXXX-XXXX-XXXX-XXXX17f64deb' to authenticate, which are not valid Sauce Labs credentials.

The following desired capabilities were received:
{'accessKey': 'XXXXXXXX-XXXX-XXXX-XXXX-XXXX17f64deb',
 'browserName': 'Safari',
 'build': 'Onboarding Sample App - Java',
 'name': '1-first-test',
 'platform': 'macOS 10.13',
 'username': 'liesnychevskyi',
 'version': '11.1'}
at org.openqa.selenium.remote.ProtocolHandshake.createSession(ProtocolHandshake.java:115)
at org.openqa.selenium.remote.ProtocolHandshake.createSession(ProtocolHandshake.java:74)
at org.openqa.selenium.remote.HttpCommandExecutor.execute(HttpCommandExecutor.java:136)
at org.openqa.selenium.remote.RemoteWebDriver.execute(RemoteWebDriver.java:552)
at org.openqa.selenium.remote.RemoteWebDriver.startSession(RemoteWebDriver.java:213)
at org.openqa.selenium.remote.RemoteWebDriver.<init>(RemoteWebDriver.java:131)
at org.openqa.selenium.remote.RemoteWebDriver.<init>(RemoteWebDriver.java:144)
at Selenium_java_mavenExamples.SauceLabsDemo.shouldOpenSafari(SauceLabsDemo.java:67)
at sun.reflect.NativeMethodAccessorImpl.invoke0(Native Method)
at sun.reflect.NativeMethodAccessorImpl.invoke(Unknown Source)
at sun.reflect.DelegatingMethodAccessorImpl.invoke(Unknown Source)
at java.lang.reflect.Method.invoke(Unknown Source)
at org.testng.internal.MethodInvocationHelper.invokeMethod(MethodInvocationHelper.java:124)
at org.testng.internal.Invoker.invokeMethod(Invoker.java:583)
at org.testng.internal.Invoker.invokeTestMethod(Invoker.java:719)
at org.testng.internal.Invoker.invokeTestMethods(Invoker.java:989)
at org.testng.internal.TestMethodWorker.invokeTestMethods(TestMethodWorker.java:125)
at org.testng.internal.TestMethodWorker.run(TestMethodWorker.java:109)
at org.testng.TestRunner.privateRun(TestRunner.java:648)
at org.testng.TestRunner.run(TestRunner.java:505)
at org.testng.SuiteRunner.runTest(SuiteRunner.java:455)
at org.testng.SuiteRunner.runSequentially(SuiteRunner.java:450)
at org.testng.SuiteRunner.privateRun(SuiteRunner.java:415)
at org.testng.SuiteRunner.run(SuiteRunner.java:364)
at org.testng.SuiteRunnerWorker.runSuite(SuiteRunnerWorker.java:52)
at org.testng.SuiteRunnerWorker.run(SuiteRunnerWorker.java:84)
at org.testng.TestNG.runSuitesSequentially(TestNG.java:1208)
at org.testng.TestNG.runSuitesLocally(TestNG.java:1137)
at org.testng.TestNG.runSuites(TestNG.java:1049)
at org.testng.TestNG.run(TestNG.java:1017)
at org.testng.remote.AbstractRemoteTestNG.run(AbstractRemoteTestNG.java:115)
at org.testng.remote.RemoteTestNG.initAndRun(RemoteTestNG.java:251)
at org.testng.remote.RemoteTestNG.main(RemoteTestNG.java:77)
Caused by: org.openqa.selenium.json.JsonException: Unable to determine type from: M. Last 1 characters read: M
Build info: version: '3.141.59', revision: 'e82be7d358', time: '2018-11-14T08:17:03'
System info: host: 'DESKTOP-STAS', ip: '192.168.56.1', os.name: 'Windows 10', os.arch: 'amd64', os.version: '10.0', java.version: '1.8.0_201'
Driver info: driver.version: RemoteWebDriver
at org.openqa.selenium.json.JsonInput.peek(JsonInput.java:122)
at org.openqa.selenium.json.JsonTypeCoercer.lambda$null$6(JsonTypeCoercer.java:140)
at org.openqa.selenium.json.JsonTypeCoercer.coerce(JsonTypeCoercer.java:126)
at org.openqa.selenium.json.Json.toType(Json.java:69)
at org.openqa.selenium.json.Json.toType(Json.java:55)
at org.openqa.selenium.json.Json.toType(Json.java:50)
at org.openqa.selenium.remote.ProtocolHandshake.createSession(ProtocolHandshake.java:112)
... 32 more
]]>
            </full-stacktrace>
          </exception> <!-- org.openqa.selenium.WebDriverException -->
          <reporter-output>
          </reporter-output>
        </test-method> <!-- shouldOpenSafari -->
      </class> <!-- Selenium_java_mavenExamples.SauceLabsDemo -->
    </test> <!-- Default test -->
  </suite> <!-- Default suite -->
</testng-results>
